error: Failed to query Python interpreter at `C:\Users\wang\Desktop\ж–°е»ғж–‡д»¶е¤№ (2)\.venv\Scripts\python.exe`
  Caused by: ж‹’з»қи®үй—®гЂ‚ (os error 5)
Traceback (most recent call last):
  File "C:\Users\wang\Desktop\РВҢЁОДәюәР (2)\src\backend\base\langflow\__main__.py", line 966, in <module>
    main()
  File "C:\Users\wang\Desktop\РВҢЁОДәюәР (2)\src\backend\base\langflow\__main__.py", line 961, in main
    app()
  File "C:\Users\wang\Desktop\РВҢЁОДәюәР (2)\.venv\Lib\site-packages\typer\main.py", line 325, in __call__
    raise e
  File "C:\Users\wang\Desktop\РВҢЁОДәюәР (2)\.venv\Lib\site-packages\typer\main.py", line 308, in __call__
    return get_command(self)(*args, **kwargs)
           ^^^^^^^^^^^^^^^^^^^^^^^^^^^^^^^^^^
  File "C:\Users\wang\Desktop\РВҢЁОДәюәР (2)\.venv\Lib\site-packages\click\core.py", line 1462, in __call__
    return self.main(*args, **kwargs)
           ^^^^^^^^^^^^^^^^^^^^^^^^^^
  File "C:\Users\wang\Desktop\РВҢЁОДәюәР (2)\.venv\Lib\site-packages\typer\core.py", line 784, in main
    return _main(
           ^^^^^^
  File "C:\Users\wang\Desktop\РВҢЁОДәюәР (2)\.venv\Lib\site-packages\typer\core.py", line 192, in _main
    rv = self.invoke(ctx)
         ^^^^^^^^^^^^^^^^
  File "C:\Users\wang\Desktop\РВҢЁОДәюәР (2)\.venv\Lib\site-packages\click\core.py", line 1850, in invoke
    return _process_result(sub_ctx.command.invoke(sub_ctx))
                           ^^^^^^^^^^^^^^^^^^^^^^^^^^^^^^^
  File "C:\Users\wang\Desktop\РВҢЁОДәюәР (2)\.venv\Lib\site-packages\click\core.py", line 1246, in invoke
    return ctx.invoke(self.callback, **ctx.params)
           ^^^^^^^^^^^^^^^^^^^^^^^^^^^^^^^^^^^^^^^
  File "C:\Users\wang\Desktop\РВҢЁОДәюәР (2)\.venv\Lib\site-packages\click\core.py", line 814, in invoke
    return callback(*args, **kwargs)
           ^^^^^^^^^^^^^^^^^^^^^^^^^
  File "C:\Users\wang\Desktop\РВҢЁОДәюәР (2)\.venv\Lib\site-packages\typer\main.py", line 685, in wrapper
    return callback(**use_params)
           ^^^^^^^^^^^^^^^^^^^^^^
  File "C:\Users\wang\Desktop\РВҢЁОДәюәР (2)\src\backend\base\langflow\__main__.py", line 312, in run
    settings_service = get_settings_service()
                       ^^^^^^^^^^^^^^^^^^^^^^
  File "C:\Users\wang\Desktop\РВҢЁОДәюәР (2)\src\backend\base\langflow\services\deps.py", line 135, in get_settings_service
    return get_service(ServiceType.SETTINGS_SERVICE, SettingsServiceFactory())
           ^^^^^^^^^^^^^^^^^^^^^^^^^^^^^^^^^^^^^^^^^^^^^^^^^^^^^^^^^^^^^^^^^^^
  File "C:\Users\wang\Desktop\РВҢЁОДәюәР (2)\src\backend\base\langflow\services\deps.py", line 52, in get_service
    return service_manager.get(service_type, default)
           ^^^^^^^^^^^^^^^^^^^^^^^^^^^^^^^^^^^^^^^^^^
  File "C:\Users\wang\Desktop\РВҢЁОДәюәР (2)\src\lfx\src\lfx\services\manager.py", line 70, in get
    self._create_service(service_name, default)
  File "C:\Users\wang\Desktop\РВҢЁОДәюәР (2)\src\lfx\src\lfx\services\manager.py", line 102, in _create_service
    self.services[service_name] = self.factories[service_name].create(**dependent_services)
                                  ^^^^^^^^^^^^^^^^^^^^^^^^^^^^^^^^^^^^^^^^^^^^^^^^^^^^^^^^^
  File "C:\Users\wang\Desktop\РВҢЁОДәюәР (2)\src\lfx\src\lfx\services\settings\factory.py", line 23, in create
    return SettingsService.initialize()
           ^^^^^^^^^^^^^^^^^^^^^^^^^^^^
  File "C:\Users\wang\Desktop\РВҢЁОДәюәР (2)\src\lfx\src\lfx\services\settings\service.py", line 25, in initialize
    auth_settings = AuthSettings(
                    ^^^^^^^^^^^^^
  File "C:\Users\wang\Desktop\РВҢЁОДәюәР (2)\.venv\Lib\site-packages\pydantic_settings\main.py", line 193, in __init__
    super().__init__(
  File "C:\Users\wang\Desktop\РВҢЁОДәюәР (2)\.venv\Lib\site-packages\pydantic\main.py", line 214, in __init__
    validated_self = self.__pydantic_validator__.validate_python(data, self_instance=self)
                     ^^^^^^^^^^^^^^^^^^^^^^^^^^^^^^^^^^^^^^^^^^^^^^^^^^^^^^^^^^^^^^^^^^^^^
  File "C:\Users\wang\Desktop\РВҢЁОДәюәР (2)\src\lfx\src\lfx\services\settings\auth.py", line 130, in get_secret_key
    write_secret_to_file(secret_key_path, value)
  File "C:\Users\wang\Desktop\РВҢЁОДәюәР (2)\src\lfx\src\lfx\services\settings\utils.py", line 32, in write_secret_to_file
    path.write_text(value, encoding="utf-8")
  File "D:\Anaconda\Lib\pathlib.py", line 1047, in write_text
    with self.open(mode='w', encoding=encoding, errors=errors, newline=newline) as f:
         ^^^^^^^^^^^^^^^^^^^^^^^^^^^^^^^^^^^^^^^^^^^^^^^^^^^^^^^^^^^^^^^^^^^^^^
  File "D:\Anaconda\Lib\pathlib.py", line 1013, in open
    return io.open(self, mode, buffering, encoding, errors, newline)
           ^^^^^^^^^^^^^^^^^^^^^^^^^^^^^^^^^^^^^^^^^^^^^^^^^^^^^^^^^
PermissionError: [Errno 13] Permission denied: 'C:\\Users\\wang\\lfdata\\secret_key'

The above exception was the direct cause of the following exception:

Traceback (most recent call last):
  File "<frozen runpy>", line 198, in _run_module_as_main
  File "<frozen runpy>", line 88, in _run_code
  File "C:\Users\wang\Desktop\РВҢЁОДәюәР (2)\src\backend\base\langflow\__main__.py", line 969, in <module>
    raise typer.Exit(1) from e
click.exceptions.Exit: 1
